<?xml version="1.0" encoding="UTF-8"?>
<testng-results skipped="0" failed="0" total="1" passed="1">
  <reporter-output>
  </reporter-output>
  <suite name="com.webdriver.GitHubTest" duration-ms="75833" started-at="2015-05-19T08:37:33Z" finished-at="2015-05-19T08:38:49Z">
    <groups>
    </groups>
    <test name="Command line test" duration-ms="75833" started-at="2015-05-19T08:37:33Z" finished-at="2015-05-19T08:38:49Z">
      <class name="com.webdriver.GitHubTest">
        <test-method status="PASS" signature="Init()[pri:0, instance:com.webdriver.GitHubTest@11d565f]" name="Init" is-config="true" duration-ms="3178" started-at="2015-05-19T10:37:33Z" finished-at="2015-05-19T10:37:37Z">
          <reporter-output>
          </reporter-output>
        </test-method> <!-- Init -->
        <test-method status="PASS" signature="SignUp()[pri:0, instance:com.webdriver.GitHubTest@11d565f]" name="SignUp" duration-ms="72638" started-at="2015-05-19T10:37:37Z" finished-at="2015-05-19T10:38:49Z">
          <reporter-output>
          </reporter-output>
        </test-method> <!-- SignUp -->
      </class> <!-- com.webdriver.GitHubTest -->
    </test> <!-- Command line test -->
  </suite> <!-- com.webdriver.GitHubTest -->
</testng-results>
